#
# There is insufficient memory for the Java Runtime Environment to continue.
# Cannot create GC thread. Out of system resources.
# Possible reasons:
#   The system is out of physical RAM or swap space
#   In 32 bit mode, the process size limit was hit
# Possible solutions:
#   Reduce memory load on the system
#   Increase physical memory or swap space
#   Check if swap backing store is full
#   Use 64 bit Java on a 64 bit OS
#   Decrease Java heap size (-Xmx/-Xms)
#   Decrease number of Java threads
#   Decrease Java thread stack sizes (-Xss)
#   Set larger code cache with -XX:ReservedCodeCacheSize=
# This output file may be truncated or incomplete.
#
#  Out of Memory Error (gcTaskThread.cpp:48), pid=6004, tid=0x0000000000000efc
#
# JRE version:  (8.0_152-b01) (build )
# Java VM: OpenJDK 64-Bit Server VM (25.152-b01 mixed mode windows-amd64 compressed oops)
# Failed to write core dump. Minidumps are not enabled by default on client versions of Windows
#

---------------  T H R E A D  ---------------

Current thread (0x0000000004c04800):  JavaThread "Unknown thread" [_thread_in_vm, id=3836, stack(0x0000000004b00000,0x0000000004c00000)]

Stack: [0x0000000004b00000,0x0000000004c00000]
[error occurred during error reporting (printing stack bounds), id 0xc0000005]

Native frames: (J=compiled Java code, j=interpreted, Vv=VM code, C=native code)


---------------  P R O C E S S  ---------------

Java Threads: ( => current thread )

Other Threads:

=>0x0000000004c04800 (exited) JavaThread "Unknown thread" [_thread_in_vm, id=3836, stack(0x0000000004b00000,0x0000000004c00000)]

VM state:not at safepoint (not fully initialized)

VM Mutex/Monitor currently owned by a thread: None

GC Heap History (0 events):
No events

Deoptimization events (0 events):
No events

Classes redefined (0 events):
No events

Internal exceptions (0 events):
No events

Events (0 events):
No events


Dynamic libraries:
0x00007ff61f200000 - 0x00007ff61f231000 	C:\Program Files\Android\Android Studio\jre\bin\java.exe
0x00007ffdc6340000 - 0x00007ffdc6520000 	C:\WINDOWS\SYSTEM32\ntdll.dll
0x00007ffdc39b0000 - 0x00007ffdc3a5e000 	C:\WINDOWS\System32\KERNEL32.DLL
0x00007ffdc2ab0000 - 0x00007ffdc2d16000 	C:\WINDOWS\System32\KERNELBASE.dll
0x00007ffdc5e90000 - 0x00007ffdc5f31000 	C:\WINDOWS\System32\ADVAPI32.dll
0x00007ffdc61c0000 - 0x00007ffdc625d000 	C:\WINDOWS\System32\msvcrt.dll
0x00007ffdc5b80000 - 0x00007ffdc5bdb000 	C:\WINDOWS\System32\sechost.dll
0x00007ffdc60a0000 - 0x00007ffdc61bf000 	C:\WINDOWS\System32\RPCRT4.dll
0x00007ffdc4260000 - 0x00007ffdc43ef000 	C:\WINDOWS\System32\USER32.dll
0x00007ffdc3520000 - 0x00007ffdc3540000 	C:\WINDOWS\System32\win32u.dll
0x00007ffdc5e50000 - 0x00007ffdc5e78000 	C:\WINDOWS\System32\GDI32.dll
0x00007ffdc2910000 - 0x00007ffdc2aa3000 	C:\WINDOWS\System32\gdi32full.dll
0x00007ffdc3770000 - 0x00007ffdc380b000 	C:\WINDOWS\System32\msvcp_win.dll
0x00007ffdc27c0000 - 0x00007ffdc28b6000 	C:\WINDOWS\System32\ucrtbase.dll
0x00007ffdb4dc0000 - 0x00007ffdb5029000 	C:\WINDOWS\WinSxS\amd64_microsoft.windows.common-controls_6595b64144ccf1df_6.0.16299.371_none_15c7d1789365a290\COMCTL32.dll
0x00007ffdc3f50000 - 0x00007ffdc4258000 	C:\WINDOWS\System32\combase.dll
0x00007ffdc2740000 - 0x00007ffdc27b2000 	C:\WINDOWS\System32\bcryptPrimitives.dll
0x00007ffdc5fa0000 - 0x00007ffdc5fcd000 	C:\WINDOWS\System32\IMM32.DLL
0x0000000054840000 - 0x0000000054912000 	C:\Program Files\Android\Android Studio\jre\jre\bin\msvcr100.dll
0x0000000054920000 - 0x000000005515e000 	C:\Program Files\Android\Android Studio\jre\jre\bin\server\jvm.dll
0x00007ffdc4730000 - 0x00007ffdc4738000 	C:\WINDOWS\System32\PSAPI.DLL
0x00007ffdbff10000 - 0x00007ffdbff19000 	C:\WINDOWS\SYSTEM32\WSOCK32.dll
0x00007ffdbf5d0000 - 0x00007ffdbf5f3000 	C:\WINDOWS\SYSTEM32\WINMM.dll
0x00007ffdc5d60000 - 0x00007ffdc5dcc000 	C:\WINDOWS\System32\WS2_32.dll
0x00007ffdb2f60000 - 0x00007ffdb2f6a000 	C:\WINDOWS\SYSTEM32\VERSION.dll
0x00007ffdbf570000 - 0x00007ffdbf59a000 	C:\WINDOWS\SYSTEM32\WINMMBASE.dll
0x00007ffdc28c0000 - 0x00007ffdc290a000 	C:\WINDOWS\System32\cfgmgr32.dll
0x00007ffdbce00000 - 0x00007ffdbce0f000 	C:\Program Files\Android\Android Studio\jre\jre\bin\verify.dll
0x00007ffdb78b0000 - 0x00007ffdb78d9000 	C:\Program Files\Android\Android Studio\jre\jre\bin\java.dll
0x00007ffdb4b70000 - 0x00007ffdb4b86000 	C:\Program Files\Android\Android Studio\jre\jre\bin\zip.dll

VM Arguments:
jvm_args: -Djava.awt.headless=true -Xmx64M -Dfile.encoding=windows-1252 -Duser.country=US -Duser.language=en -Duser.variant 
java_command: com.google.devtools.build.android.desugar.Desugar --input D:\AndroidProject\NihongoTaisaku\app\build\intermediates\transforms\stackFramesFixer\debug\9.jar --output D:\AndroidProject\NihongoTaisaku\app\build\intermediates\transforms\desugar\debug\10.jar --input D:\AndroidProject\NihongoTaisaku\app\build\intermediates\transforms\stackFramesFixer\debug\34.jar --output D:\AndroidProject\NihongoTaisaku\app\build\intermediates\transforms\desugar\debug\35.jar --input D:\AndroidProject\NihongoTaisaku\app\build\intermediates\transforms\stackFramesFixer\debug\22.jar --output D:\AndroidProject\NihongoTaisaku\app\build\intermediates\transforms\desugar\debug\23.jar --input D:\AndroidProject\NihongoTaisaku\app\build\intermediates\transforms\stackFramesFixer\debug\36.jar --output D:\AndroidProject\NihongoTaisaku\app\build\intermediates\transforms\desugar\debug\37.jar --input D:\AndroidProject\NihongoTaisaku\app\build\intermediates\transforms\stackFramesFixer\debug\16.jar --output D:\AndroidProject\NihongoTaisaku\app\build\intermediates\transforms\desugar\debug\17.jar --input D:\AndroidProject\NihongoTaisaku\app\build\intermediates\transforms\stackFramesFixer\debug\12.jar --output D:\AndroidProject\NihongoTaisaku\app\build\intermediates\transforms\desugar\debug\13.jar --input D:\AndroidProject\NihongoTaisaku\app\build\intermediates\transforms\stackFramesFixer\debug\26.jar --output D:\AndroidProject\NihongoTaisaku\app\build\intermediates\transforms\desugar\debug\27.jar --input D:\AndroidProject\NihongoTaisaku\app\build\intermediates\transforms\stackFramesFixer\debug\11.jar --output D:\AndroidProject\NihongoTaisaku\app\build\intermediates\transforms\desugar\debug\12.jar --input D:\AndroidProject\NihongoTaisaku\app\build\intermediates\transforms\stackFramesFixer\debug\21.jar --output D:\AndroidProject\NihongoTaisaku\app\build\intermediates\transforms\desugar\debug\22.jar --input D:\AndroidProject\NihongoTaisaku\app\build\intermediates\transforms\stackFramesFixer\debug\
java_class_path (initial): C:\Users\Admin\AppData\Local\Temp\desugar_deploy.jar6326361081451892088
Launcher Type: SUN_STANDARD

Environment Variables:
JAVA_HOME=C:\Program Files\Java\jdk-9.0.1
PATH=C:\ProgramData\Oracle\Java\javapath;C:\WINDOWS\system32;C:\WINDOWS;C:\WINDOWS\System32\Wbem;C:\WINDOWS\System32\WindowsPowerShell\v1.0\;C:\Program Files (x86)\Skype\Phone\;C:\Program Files\Java\jdk-9.0.1;C:\Program Files\Git\cmd;C:\Users\Admin\AppData\Local\Microsoft\WindowsApps;C:\Program Files\Java\jdk-9.0.1;
USERNAME=Admin
OS=Windows_NT
PROCESSOR_IDENTIFIER=Intel64 Family 6 Model 69 Stepping 1, GenuineIntel



---------------  S Y S T E M  ---------------

OS: Windows 10.0 , 64 bit Build 16299 (10.0.16299.15)

CPU:total 4 (initial active 4) (2 cores per cpu, 2 threads per core) family 6 model 69 stepping 1, cmov, cx8, fxsr, mmx, sse, sse2, sse3, ssse3, sse4.1, sse4.2, popcnt, avx, avx2, aes, clmul, erms, lzcnt, ht, tsc, tscinvbit, bmi1, bmi2

Memory: 4k page, physical 4079980k(255468k free), swap 15060332k(7340k free)

vm_info: OpenJDK 64-Bit Server VM (25.152-b01) for windows-amd64 JRE (1.8.0_152-release-915-b01), built by "builder" with MS VC++ 10.0 (VS2010)

time: Mon May 07 07:21:51 2018
elapsed time: 0 seconds (0d 0h 0m 0s)

